This file contains any messages produced by compilers while
running configure, to aid debugging if configure makes a mistake.

It was created by freetuxtv configure 0.6.6, which was
generated by GNU Autoconf 2.69.  Invocation command line was

  $ ./configure 

## --------- ##
## Platform. ##
## --------- ##

hostname = PLUS
uname -m = x86_64
uname -r = 3.16.0-4-amd64
uname -s = Linux
uname -v = #1 SMP Debian 3.16.7-ckt11-1+deb8u6 (2015-11-09)

/usr/bin/uname -p = unknown
/bin/uname -X     = unknown

/bin/arch              = unknown
/usr/bin/arch -k       = unknown
/usr/convex/getsysinfo = unknown
/usr/bin/hostinfo      = unknown
/bin/machine           = unknown
/usr/bin/oslevel       = unknown
/bin/universe          = unknown

PATH: /usr/local/bin
PATH: /usr/bin
PATH: /bin
PATH: /usr/local/games
PATH: /usr/games


## ----------- ##
## Core tests. ##
## ----------- ##

configure:2452: checking for a BSD-compatible install
configure:2520: result: /usr/bin/install -c
configure:2531: checking whether build environment is sane
configure:2586: result: yes
configure:2737: checking for a thread-safe mkdir -p
configure:2776: result: /bin/mkdir -p
configure:2783: checking for gawk
configure:2813: result: no
configure:2783: checking for mawk
configure:2799: found /usr/bin/mawk
configure:2810: result: mawk
configure:2821: checking whether make sets $(MAKE)
configure:2843: result: yes
configure:2872: checking whether make supports nested variables
configure:2889: result: yes
configure:2977: checking whether to enable maintainer-specific portions of Makefiles
configure:2986: result: no
configure:3055: checking for gcc
configure:3071: found /usr/bin/gcc
configure:3082: result: gcc
configure:3311: checking for C compiler version
configure:3320: gcc --version >&5
gcc (Debian 4.9.2-10) 4.9.2
Copyright (C) 2014 Free Software Foundation, Inc.
This is free software; see the source for copying conditions.  There is NO
warranty; not even for MERCHANTABILITY or FITNESS FOR A PARTICULAR PURPOSE.

configure:3331: $? = 0
configure:3320: gcc -v >&5
Using built-in specs.
COLLECT_GCC=gcc
COLLECT_LTO_WRAPPER=/usr/lib/gcc/x86_64-linux-gnu/4.9/lto-wrapper
Target: x86_64-linux-gnu
Configured with: ../src/configure -v --with-pkgversion='Debian 4.9.2-10' --with-bugurl=file:///usr/share/doc/gcc-4.9/README.Bugs --enable-languages=c,c++,java,go,d,fortran,objc,obj-c++ --prefix=/usr --program-suffix=-4.9 --enable-shared --enable-linker-build-id --libexecdir=/usr/lib --without-included-gettext --enable-threads=posix --with-gxx-include-dir=/usr/include/c++/4.9 --libdir=/usr/lib --enable-nls --with-sysroot=/ --enable-clocale=gnu --enable-libstdcxx-debug --enable-libstdcxx-time=yes --enable-gnu-unique-object --disable-vtable-verify --enable-plugin --with-system-zlib --disable-browser-plugin --enable-java-awt=gtk --enable-gtk-cairo --with-java-home=/usr/lib/jvm/java-1.5.0-gcj-4.9-amd64/jre --enable-java-home --with-jvm-root-dir=/usr/lib/jvm/java-1.5.0-gcj-4.9-amd64 --with-jvm-jar-dir=/usr/lib/jvm-exports/java-1.5.0-gcj-4.9-amd64 --with-arch-directory=amd64 --with-ecj-jar=/usr/share/java/eclipse-ecj.jar --enable-objc-gc --enable-multiarch --with-arch-32=i586 --with-abi=m64 --with-multilib-list=m32,m64,mx32 --enable-multilib --with-tune=generic --enable-checking=release --build=x86_64-linux-gnu --host=x86_64-linux-gnu --target=x86_64-linux-gnu
Thread model: posix
gcc version 4.9.2 (Debian 4.9.2-10) 
configure:3331: $? = 0
configure:3320: gcc -V >&5
gcc: error: unrecognized command line option '-V'
gcc: fatal error: no input files
compilation terminated.
configure:3331: $? = 4
configure:3320: gcc -qversion >&5
gcc: error: unrecognized command line option '-qversion'
gcc: fatal error: no input files
compilation terminated.
configure:3331: $? = 4
configure:3351: checking whether the C compiler works
configure:3373: gcc    conftest.c  >&5
configure:3377: $? = 0
configure:3425: result: yes
configure:3428: checking for C compiler default output file name
configure:3430: result: a.out
configure:3436: checking for suffix of executables
configure:3443: gcc -o conftest    conftest.c  >&5
configure:3447: $? = 0
configure:3469: result: 
configure:3491: checking whether we are cross compiling
configure:3499: gcc -o conftest    conftest.c  >&5
configure:3503: $? = 0
configure:3510: ./conftest
configure:3514: $? = 0
configure:3529: result: no
configure:3534: checking for suffix of object files
configure:3556: gcc -c   conftest.c >&5
configure:3560: $? = 0
configure:3581: result: o
configure:3585: checking whether we are using the GNU C compiler
configure:3604: gcc -c   conftest.c >&5
configure:3604: $? = 0
configure:3613: result: yes
configure:3622: checking whether gcc accepts -g
configure:3642: gcc -c -g  conftest.c >&5
configure:3642: $? = 0
configure:3683: result: yes
configure:3700: checking for gcc option to accept ISO C89
configure:3763: gcc  -c -g -O2  conftest.c >&5
configure:3763: $? = 0
configure:3776: result: none needed
configure:3807: checking for style of include used by make
configure:3835: result: GNU
configure:3861: checking dependency style of gcc
configure:3972: result: gcc3
configure:3987: checking whether make sets $(MAKE)
configure:4009: result: yes
configure:4080: checking build system type
configure:4094: result: x86_64-unknown-linux-gnu
configure:4114: checking host system type
configure:4127: result: x86_64-unknown-linux-gnu
configure:4168: checking how to print strings
configure:4195: result: printf
configure:4216: checking for a sed that does not truncate output
configure:4280: result: /bin/sed
configure:4298: checking for grep that handles long lines and -e
configure:4356: result: /bin/grep
configure:4361: checking for egrep
configure:4423: result: /bin/grep -E
configure:4428: checking for fgrep
configure:4490: result: /bin/grep -F
configure:4525: checking for ld used by gcc
configure:4592: result: /usr/bin/ld
configure:4599: checking if the linker (/usr/bin/ld) is GNU ld
configure:4614: result: yes
configure:4626: checking for BSD- or MS-compatible name lister (nm)
configure:4675: result: /usr/bin/nm -B
configure:4805: checking the name lister (/usr/bin/nm -B) interface
configure:4812: gcc -c -g -O2  conftest.c >&5
configure:4815: /usr/bin/nm -B "conftest.o"
configure:4818: output
0000000000000000 B some_variable
configure:4825: result: BSD nm
configure:4828: checking whether ln -s works
configure:4832: result: yes
configure:4840: checking the maximum length of command line arguments
configure:4971: result: 1572864
configure:4988: checking whether the shell understands some XSI constructs
configure:4998: result: yes
configure:5002: checking whether the shell understands "+="
configure:5008: result: yes
configure:5043: checking how to convert x86_64-unknown-linux-gnu file names to x86_64-unknown-linux-gnu format
configure:5083: result: func_convert_file_noop
configure:5090: checking how to convert x86_64-unknown-linux-gnu file names to toolchain format
configure:5110: result: func_convert_file_noop
configure:5117: checking for /usr/bin/ld option to reload object files
configure:5124: result: -r
configure:5198: checking for objdump
configure:5214: found /usr/bin/objdump
configure:5225: result: objdump
configure:5257: checking how to recognize dependent libraries
configure:5455: result: pass_all
configure:5540: checking for dlltool
configure:5570: result: no
configure:5600: checking how to associate runtime and link libraries
configure:5627: result: printf %s\n
configure:5688: checking for ar
configure:5704: found /usr/bin/ar
configure:5715: result: ar
configure:5752: checking for archiver @FILE support
configure:5769: gcc -c -g -O2  conftest.c >&5
configure:5769: $? = 0
configure:5772: ar cru libconftest.a @conftest.lst >&5
configure:5775: $? = 0
configure:5780: ar cru libconftest.a @conftest.lst >&5
ar: conftest.o: No such file or directory
configure:5783: $? = 1
configure:5795: result: @
configure:5853: checking for strip
configure:5869: found /usr/bin/strip
configure:5880: result: strip
configure:5952: checking for ranlib
configure:5968: found /usr/bin/ranlib
configure:5979: result: ranlib
configure:6081: checking command to parse /usr/bin/nm -B output from gcc object
configure:6201: gcc -c -g -O2  conftest.c >&5
configure:6204: $? = 0
configure:6208: /usr/bin/nm -B conftest.o \| sed -n -e 's/^.*[ ]\([ABCDGIRSTW][ABCDGIRSTW]*\)[ ][ ]*\([_A-Za-z][_A-Za-z0-9]*\)$/\1 \2 \2/p' | sed '/ __gnu_lto/d' \> conftest.nm
configure:6211: $? = 0
configure:6277: gcc -o conftest -g -O2   conftest.c conftstm.o >&5
configure:6280: $? = 0
configure:6318: result: ok
configure:6355: checking for sysroot
configure:6385: result: no
configure:6462: gcc -c -g -O2  conftest.c >&5
configure:6465: $? = 0
configure:6648: checking for mt
configure:6664: found /bin/mt
configure:6675: result: mt
configure:6698: checking if mt is a manifest tool
configure:6704: mt '-?'
configure:6712: result: no
configure:7354: checking how to run the C preprocessor
configure:7385: gcc -E  conftest.c
configure:7385: $? = 0
configure:7399: gcc -E  conftest.c
conftest.c:11:28: fatal error: ac_nonexistent.h: No such file or directory
 #include <ac_nonexistent.h>
                            ^
compilation terminated.
configure:7399: $? = 1
configure: failed program was:
| /* confdefs.h */
| #define PACKAGE_NAME "freetuxtv"
| #define PACKAGE_TARNAME "freetuxtv"
| #define PACKAGE_VERSION "0.6.6"
| #define PACKAGE_STRING "freetuxtv 0.6.6"
| #define PACKAGE_BUGREPORT "http://code.google.com/p/freetuxtv/issues/list"
| #define PACKAGE_URL "http://code.google.com/p/freetuxtv/"
| #define PACKAGE "freetuxtv"
| #define VERSION "0.6.6"
| /* end confdefs.h.  */
| #include <ac_nonexistent.h>
configure:7424: result: gcc -E
configure:7444: gcc -E  conftest.c
configure:7444: $? = 0
configure:7458: gcc -E  conftest.c
conftest.c:11:28: fatal error: ac_nonexistent.h: No such file or directory
 #include <ac_nonexistent.h>
                            ^
compilation terminated.
configure:7458: $? = 1
configure: failed program was:
| /* confdefs.h */
| #define PACKAGE_NAME "freetuxtv"
| #define PACKAGE_TARNAME "freetuxtv"
| #define PACKAGE_VERSION "0.6.6"
| #define PACKAGE_STRING "freetuxtv 0.6.6"
| #define PACKAGE_BUGREPORT "http://code.google.com/p/freetuxtv/issues/list"
| #define PACKAGE_URL "http://code.google.com/p/freetuxtv/"
| #define PACKAGE "freetuxtv"
| #define VERSION "0.6.6"
| /* end confdefs.h.  */
| #include <ac_nonexistent.h>
configure:7487: checking for ANSI C header files
configure:7507: gcc -c -g -O2  conftest.c >&5
configure:7507: $? = 0
configure:7580: gcc -o conftest -g -O2   conftest.c  >&5
configure:7580: $? = 0
configure:7580: ./conftest
configure:7580: $? = 0
configure:7591: result: yes
configure:7604: checking for sys/types.h
configure:7604: gcc -c -g -O2  conftest.c >&5
configure:7604: $? = 0
configure:7604: result: yes
configure:7604: checking for sys/stat.h
configure:7604: gcc -c -g -O2  conftest.c >&5
configure:7604: $? = 0
configure:7604: result: yes
configure:7604: checking for stdlib.h
configure:7604: gcc -c -g -O2  conftest.c >&5
configure:7604: $? = 0
configure:7604: result: yes
configure:7604: checking for string.h
configure:7604: gcc -c -g -O2  conftest.c >&5
configure:7604: $? = 0
configure:7604: result: yes
configure:7604: checking for memory.h
configure:7604: gcc -c -g -O2  conftest.c >&5
configure:7604: $? = 0
configure:7604: result: yes
configure:7604: checking for strings.h
configure:7604: gcc -c -g -O2  conftest.c >&5
configure:7604: $? = 0
configure:7604: result: yes
configure:7604: checking for inttypes.h
configure:7604: gcc -c -g -O2  conftest.c >&5
configure:7604: $? = 0
configure:7604: result: yes
configure:7604: checking for stdint.h
configure:7604: gcc -c -g -O2  conftest.c >&5
configure:7604: $? = 0
configure:7604: result: yes
configure:7604: checking for unistd.h
configure:7604: gcc -c -g -O2  conftest.c >&5
configure:7604: $? = 0
configure:7604: result: yes
configure:7618: checking for dlfcn.h
configure:7618: gcc -c -g -O2  conftest.c >&5
configure:7618: $? = 0
configure:7618: result: yes
configure:7794: checking for objdir
configure:7809: result: .libs
configure:8076: checking if gcc supports -fno-rtti -fno-exceptions
configure:8094: gcc -c -g -O2  -fno-rtti -fno-exceptions conftest.c >&5
cc1: warning: command line option '-fno-rtti' is valid for C++/ObjC++ but not for C
configure:8098: $? = 0
configure:8111: result: no
configure:8438: checking for gcc option to produce PIC
configure:8445: result: -fPIC -DPIC
configure:8453: checking if gcc PIC flag -fPIC -DPIC works
configure:8471: gcc -c -g -O2  -fPIC -DPIC -DPIC conftest.c >&5
configure:8475: $? = 0
configure:8488: result: yes
configure:8517: checking if gcc static flag -static works
configure:8545: result: yes
configure:8560: checking if gcc supports -c -o file.o
configure:8581: gcc -c -g -O2  -o out/conftest2.o conftest.c >&5
configure:8585: $? = 0
configure:8607: result: yes
configure:8615: checking if gcc supports -c -o file.o
configure:8662: result: yes
configure:8695: checking whether the gcc linker (/usr/bin/ld -m elf_x86_64) supports shared libraries
configure:9852: result: yes
configure:10092: checking dynamic linker characteristics
configure:10592: gcc -o conftest -g -O2   -Wl,-rpath -Wl,/foo conftest.c  >&5
configure:10592: $? = 0
configure:10826: result: GNU/Linux ld.so
configure:10933: checking how to hardcode library paths into programs
configure:10958: result: immediate
configure:11498: checking whether stripping libraries is possible
configure:11503: result: yes
configure:11538: checking if libtool supports shared libraries
configure:11540: result: yes
configure:11543: checking whether to build shared libraries
configure:11564: result: no
configure:11567: checking whether to build static libraries
configure:11571: result: yes
configure:11610: checking whether gcc and cc understand -c and -o together
configure:11641: gcc -c conftest.c -o conftest2.o >&5
configure:11645: $? = 0
configure:11651: gcc -c conftest.c -o conftest2.o >&5
configure:11655: $? = 0
configure:11666: cc -c conftest.c >&5
configure:11670: $? = 0
configure:11678: cc -c conftest.c -o conftest2.o >&5
configure:11682: $? = 0
configure:11688: cc -c conftest.c -o conftest2.o >&5
configure:11692: $? = 0
configure:11710: result: yes
configure:11752: checking locale.h usability
configure:11752: gcc -c -g -O2  conftest.c >&5
configure:11752: $? = 0
configure:11752: result: yes
configure:11752: checking locale.h presence
configure:11752: gcc -E  conftest.c
configure:11752: $? = 0
configure:11752: result: yes
configure:11752: checking for locale.h
configure:11752: result: yes
configure:11763: checking for LC_MESSAGES
configure:11779: gcc -o conftest -g -O2   conftest.c  >&5
configure:11779: $? = 0
configure:11787: result: yes
configure:11804: checking libintl.h usability
configure:11804: gcc -c -g -O2  conftest.c >&5
configure:11804: $? = 0
configure:11804: result: yes
configure:11804: checking libintl.h presence
configure:11804: gcc -E  conftest.c
configure:11804: $? = 0
configure:11804: result: yes
configure:11804: checking for libintl.h
configure:11804: result: yes
configure:11812: checking for ngettext in libc
configure:11830: gcc -o conftest -g -O2   conftest.c  >&5
configure:11830: $? = 0
configure:11839: result: yes
configure:11843: checking for dgettext in libc
configure:11861: gcc -o conftest -g -O2   conftest.c  >&5
configure:11861: $? = 0
configure:11870: result: yes
configure:11877: checking for bind_textdomain_codeset
configure:11877: gcc -o conftest -g -O2   conftest.c  >&5
configure:11877: $? = 0
configure:11877: result: yes
configure:12153: checking for msgfmt
configure:12180: result: /usr/bin/msgfmt
configure:12191: checking for dcgettext
configure:12191: gcc -o conftest -g -O2   conftest.c   >&5
conftest.c:51:6: warning: conflicting types for built-in function 'dcgettext'
 char dcgettext ();
      ^
configure:12191: $? = 0
configure:12191: result: yes
configure:12201: checking if msgfmt accepts -c
configure:12216: $MSGFMT -c -o /dev/null conftest.foo
conftest.foo:3: warning: header field 'Language' missing in header
configure:12219: $? = 0
configure:12221: result: yes
configure:12231: checking for gmsgfmt
configure:12262: result: /usr/bin/msgfmt
configure:12272: checking for xgettext
configure:12299: result: /usr/bin/xgettext
configure:12318: gcc -o conftest -g -O2   conftest.c   >&5
configure:12318: $? = 0
configure:12458: checking whether NLS is requested
configure:12467: result: yes
configure:12485: checking for intltool >= 0.35.0
configure:12487: result: 0.50.2 found
configure:12495: checking for intltool-update
configure:12513: found /usr/bin/intltool-update
configure:12525: result: /usr/bin/intltool-update
configure:12535: checking for intltool-merge
configure:12553: found /usr/bin/intltool-merge
configure:12565: result: /usr/bin/intltool-merge
configure:12575: checking for intltool-extract
configure:12593: found /usr/bin/intltool-extract
configure:12605: result: /usr/bin/intltool-extract
configure:12759: checking for xgettext
configure:12789: result: /usr/bin/xgettext
configure:12799: checking for msgmerge
configure:12817: found /usr/bin/msgmerge
configure:12829: result: /usr/bin/msgmerge
configure:12839: checking for msgfmt
configure:12869: result: /usr/bin/msgfmt
configure:12879: checking for gmsgfmt
configure:12910: result: /usr/bin/msgfmt
configure:12930: checking for perl
configure:12948: found /usr/bin/perl
configure:12960: result: /usr/bin/perl
configure:12971: checking for perl >= 5.8.1
configure:12978: result: 5.20.2
configure:12982: checking for XML::Parser
configure:12985: result: ok
configure:13057: checking which LibVLC version to compile against
configure:13063: result: 2.2.1
configure:13100: checking which libnotify version to compile against
configure:13106: result: 0.7.6
configure:13134: checking which gtk+ version to compile against
configure:13153: result: 3.0
configure:13171: checking whether to install logos
configure:13182: result: yes
configure:13259: checking for pkg-config
configure:13277: found /usr/bin/pkg-config
configure:13289: result: /usr/bin/pkg-config
configure:13314: checking pkg-config is at least version 0.9.0
configure:13317: result: yes
configure:13327: checking for GTK
configure:13334: $PKG_CONFIG --exists --print-errors "gtk+-$GTK_PKG_API_VERSION >= $GTK_REQUIRED"
configure:13337: $? = 0
configure:13351: $PKG_CONFIG --exists --print-errors "gtk+-$GTK_PKG_API_VERSION >= $GTK_REQUIRED"
configure:13354: $? = 0
configure:13412: result: yes
configure:13419: checking for GLIB
configure:13426: $PKG_CONFIG --exists --print-errors "glib-2.0 >= 2.26.0"
configure:13429: $? = 0
configure:13443: $PKG_CONFIG --exists --print-errors "glib-2.0 >= 2.26.0"
configure:13446: $? = 0
configure:13504: result: yes
configure:13510: checking for GOBJECT
configure:13517: $PKG_CONFIG --exists --print-errors "gobject-2.0 >= 2.26.0"
configure:13520: $? = 0
configure:13534: $PKG_CONFIG --exists --print-errors "gobject-2.0 >= 2.26.0"
configure:13537: $? = 0
configure:13595: result: yes
configure:13601: checking for GIO
configure:13608: $PKG_CONFIG --exists --print-errors "gio-2.0 >= 2.26.0"
configure:13611: $? = 0
configure:13625: $PKG_CONFIG --exists --print-errors "gio-2.0 >= 2.26.0"
configure:13628: $? = 0
configure:13686: result: yes
configure:13692: checking for DBUS_GLIB
configure:13699: $PKG_CONFIG --exists --print-errors "dbus-glib-1 >= 0.74"
configure:13702: $? = 0
configure:13716: $PKG_CONFIG --exists --print-errors "dbus-glib-1 >= 0.74"
configure:13719: $? = 0
configure:13777: result: yes
configure:13784: checking for LIBNOTIFY
configure:13791: $PKG_CONFIG --exists --print-errors "libnotify >= 0.4"
configure:13794: $? = 0
configure:13808: $PKG_CONFIG --exists --print-errors "libnotify >= 0.4"
configure:13811: $? = 0
configure:13869: result: yes
configure:13875: checking for SQLITE3
configure:13882: $PKG_CONFIG --exists --print-errors "sqlite3 >= 3.4"
configure:13885: $? = 0
configure:13899: $PKG_CONFIG --exists --print-errors "sqlite3 >= 3.4"
configure:13902: $? = 0
configure:13960: result: yes
configure:13966: checking for LIBCURL
configure:13973: $PKG_CONFIG --exists --print-errors "libcurl >= 7.18"
configure:13976: $? = 0
configure:13990: $PKG_CONFIG --exists --print-errors "libcurl >= 7.18"
configure:13993: $? = 0
configure:14051: result: yes
configure:14059: checking for LIBVLC
configure:14066: $PKG_CONFIG --exists --print-errors "$LIBVLC_PKGCONFIG"
configure:14069: $? = 0
configure:14083: $PKG_CONFIG --exists --print-errors "$LIBVLC_PKGCONFIG"
configure:14086: $? = 0
configure:14144: result: yes
configure:14165: checking for libvlc_new in -lvlc
configure:14190: gcc -o conftest -g -O2   conftest.c -lvlc   >&5
configure:14190: $? = 0
configure:14199: result: yes
configure:14210: checking for g_thread_init in -lgthread-2.0
configure:14235: gcc -o conftest -g -O2   conftest.c -lgthread-2.0  -lvlc  >&5
configure:14235: $? = 0
configure:14244: result: yes
configure:14255: checking for sqlite3_open in -lsqlite3
configure:14280: gcc -o conftest -g -O2   conftest.c -lsqlite3  -lgthread-2.0 -lvlc  >&5
configure:14280: $? = 0
configure:14289: result: yes
configure:14300: checking for curl_easy_init in -lcurl
configure:14325: gcc -o conftest -g -O2   conftest.c -lcurl  -lsqlite3 -lgthread-2.0 -lvlc  >&5
configure:14325: $? = 0
configure:14334: result: yes
configure:14345: checking for notify_notification_new in -lnotify
configure:14370: gcc -o conftest -g -O2   conftest.c -lnotify  -lcurl -lsqlite3 -lgthread-2.0 -lvlc  >&5
configure:14370: $? = 0
configure:14379: result: yes
configure:14391: checking for ANSI C header files
configure:14495: result: yes
configure:14506: checking stdio.h usability
configure:14506: gcc -c -g -O2  conftest.c >&5
configure:14506: $? = 0
configure:14506: result: yes
configure:14506: checking stdio.h presence
configure:14506: gcc -E  conftest.c
configure:14506: $? = 0
configure:14506: result: yes
configure:14506: checking for stdio.h
configure:14506: result: yes
configure:14506: checking for string.h
configure:14506: result: yes
configure:14506: checking for stdlib.h
configure:14506: result: yes
configure:14517: checking for an ANSI C-conforming const
configure:14583: gcc -c -g -O2  conftest.c >&5
configure:14583: $? = 0
configure:14590: result: yes
configure:14598: checking for size_t
configure:14598: gcc -c -g -O2  conftest.c >&5
configure:14598: $? = 0
configure:14598: gcc -c -g -O2  conftest.c >&5
conftest.c: In function 'main':
conftest.c:82:21: error: expected expression before ')' token
 if (sizeof ((size_t)))
                     ^
configure:14598: $? = 1
configure: failed program was:
| /* confdefs.h */
| #define PACKAGE_NAME "freetuxtv"
| #define PACKAGE_TARNAME "freetuxtv"
| #define PACKAGE_VERSION "0.6.6"
| #define PACKAGE_STRING "freetuxtv 0.6.6"
| #define PACKAGE_BUGREPORT "http://code.google.com/p/freetuxtv/issues/list"
| #define PACKAGE_URL "http://code.google.com/p/freetuxtv/"
| #define PACKAGE "freetuxtv"
| #define VERSION "0.6.6"
| #define STDC_HEADERS 1
| #define HAVE_SYS_TYPES_H 1
| #define HAVE_SYS_STAT_H 1
| #define HAVE_STDLIB_H 1
| #define HAVE_STRING_H 1
| #define HAVE_MEMORY_H 1
| #define HAVE_STRINGS_H 1
| #define HAVE_INTTYPES_H 1
| #define HAVE_STDINT_H 1
| #define HAVE_UNISTD_H 1
| #define HAVE_DLFCN_H 1
| #define LT_OBJDIR ".libs/"
| #define GETTEXT_PACKAGE "freetuxtv"
| #define HAVE_LOCALE_H 1
| #define HAVE_LC_MESSAGES 1
| #define HAVE_BIND_TEXTDOMAIN_CODESET 1
| #define HAVE_GETTEXT 1
| #define HAVE_DCGETTEXT 1
| #define ENABLE_NLS 1
| #define LIBVLC_VERSION_MAJOR 2
| #define LIBVLC_VERSION_MINOR 2
| #define LIBVLC_VERSION_REVISION 1
| #define LIBNOTIFY_VERSION_MAJOR 0
| #define LIBNOTIFY_VERSION_MINOR 7
| #define LIBNOTIFY_VERSION_REVISION 6
| #define GTK_API_VERSION 3
| #define HAVE_LIBVLC 1
| #define HAVE_LIBGTHREAD_2_0 1
| #define HAVE_LIBSQLITE3 1
| #define HAVE_LIBCURL 1
| #define HAVE_LIBNOTIFY 1
| #define STDC_HEADERS 1
| #define HAVE_STDIO_H 1
| #define HAVE_STRING_H 1
| #define HAVE_STDLIB_H 1
| /* end confdefs.h.  */
| #include <stdio.h>
| #ifdef HAVE_SYS_TYPES_H
| # include <sys/types.h>
| #endif
| #ifdef HAVE_SYS_STAT_H
| # include <sys/stat.h>
| #endif
| #ifdef STDC_HEADERS
| # include <stdlib.h>
| # include <stddef.h>
| #else
| # ifdef HAVE_STDLIB_H
| #  include <stdlib.h>
| # endif
| #endif
| #ifdef HAVE_STRING_H
| # if !defined STDC_HEADERS && defined HAVE_MEMORY_H
| #  include <memory.h>
| # endif
| # include <string.h>
| #endif
| #ifdef HAVE_STRINGS_H
| # include <strings.h>
| #endif
| #ifdef HAVE_INTTYPES_H
| # include <inttypes.h>
| #endif
| #ifdef HAVE_STDINT_H
| # include <stdint.h>
| #endif
| #ifdef HAVE_UNISTD_H
| # include <unistd.h>
| #endif
| int
| main ()
| {
| if (sizeof ((size_t)))
| 	    return 0;
|   ;
|   return 0;
| }
configure:14598: result: yes
configure:14609: checking for ssize_t
configure:14609: gcc -c -g -O2  conftest.c >&5
configure:14609: $? = 0
configure:14609: gcc -c -g -O2  conftest.c >&5
conftest.c: In function 'main':
conftest.c:82:22: error: expected expression before ')' token
 if (sizeof ((ssize_t)))
                      ^
configure:14609: $? = 1
configure: failed program was:
| /* confdefs.h */
| #define PACKAGE_NAME "freetuxtv"
| #define PACKAGE_TARNAME "freetuxtv"
| #define PACKAGE_VERSION "0.6.6"
| #define PACKAGE_STRING "freetuxtv 0.6.6"
| #define PACKAGE_BUGREPORT "http://code.google.com/p/freetuxtv/issues/list"
| #define PACKAGE_URL "http://code.google.com/p/freetuxtv/"
| #define PACKAGE "freetuxtv"
| #define VERSION "0.6.6"
| #define STDC_HEADERS 1
| #define HAVE_SYS_TYPES_H 1
| #define HAVE_SYS_STAT_H 1
| #define HAVE_STDLIB_H 1
| #define HAVE_STRING_H 1
| #define HAVE_MEMORY_H 1
| #define HAVE_STRINGS_H 1
| #define HAVE_INTTYPES_H 1
| #define HAVE_STDINT_H 1
| #define HAVE_UNISTD_H 1
| #define HAVE_DLFCN_H 1
| #define LT_OBJDIR ".libs/"
| #define GETTEXT_PACKAGE "freetuxtv"
| #define HAVE_LOCALE_H 1
| #define HAVE_LC_MESSAGES 1
| #define HAVE_BIND_TEXTDOMAIN_CODESET 1
| #define HAVE_GETTEXT 1
| #define HAVE_DCGETTEXT 1
| #define ENABLE_NLS 1
| #define LIBVLC_VERSION_MAJOR 2
| #define LIBVLC_VERSION_MINOR 2
| #define LIBVLC_VERSION_REVISION 1
| #define LIBNOTIFY_VERSION_MAJOR 0
| #define LIBNOTIFY_VERSION_MINOR 7
| #define LIBNOTIFY_VERSION_REVISION 6
| #define GTK_API_VERSION 3
| #define HAVE_LIBVLC 1
| #define HAVE_LIBGTHREAD_2_0 1
| #define HAVE_LIBSQLITE3 1
| #define HAVE_LIBCURL 1
| #define HAVE_LIBNOTIFY 1
| #define STDC_HEADERS 1
| #define HAVE_STDIO_H 1
| #define HAVE_STRING_H 1
| #define HAVE_STDLIB_H 1
| /* end confdefs.h.  */
| #include <stdio.h>
| #ifdef HAVE_SYS_TYPES_H
| # include <sys/types.h>
| #endif
| #ifdef HAVE_SYS_STAT_H
| # include <sys/stat.h>
| #endif
| #ifdef STDC_HEADERS
| # include <stdlib.h>
| # include <stddef.h>
| #else
| # ifdef HAVE_STDLIB_H
| #  include <stdlib.h>
| # endif
| #endif
| #ifdef HAVE_STRING_H
| # if !defined STDC_HEADERS && defined HAVE_MEMORY_H
| #  include <memory.h>
| # endif
| # include <string.h>
| #endif
| #ifdef HAVE_STRINGS_H
| # include <strings.h>
| #endif
| #ifdef HAVE_INTTYPES_H
| # include <inttypes.h>
| #endif
| #ifdef HAVE_STDINT_H
| # include <stdint.h>
| #endif
| #ifdef HAVE_UNISTD_H
| # include <unistd.h>
| #endif
| int
| main ()
| {
| if (sizeof ((ssize_t)))
| 	    return 0;
|   ;
|   return 0;
| }
configure:14609: result: yes
configure:14622: checking for stdlib.h
configure:14622: result: yes
configure:14632: checking for GNU libc compatible malloc
configure:14656: gcc -o conftest -g -O2   conftest.c -lnotify -lcurl -lsqlite3 -lgthread-2.0 -lvlc  >&5
configure:14656: $? = 0
configure:14656: ./conftest
configure:14656: $? = 0
configure:14666: result: yes
configure:14689: checking for stdlib.h
configure:14689: result: yes
configure:14699: checking for GNU libc compatible realloc
configure:14723: gcc -o conftest -g -O2   conftest.c -lnotify -lcurl -lsqlite3 -lgthread-2.0 -lvlc  >&5
configure:14723: $? = 0
configure:14723: ./conftest
configure:14723: $? = 0
configure:14733: result: yes
configure:14757: checking for strchr
configure:14757: gcc -o conftest -g -O2   conftest.c -lnotify -lcurl -lsqlite3 -lgthread-2.0 -lvlc  >&5
conftest.c:73:6: warning: conflicting types for built-in function 'strchr'
 char strchr ();
      ^
configure:14757: $? = 0
configure:14757: result: yes
configure:14768: checking for strcspn
configure:14768: gcc -o conftest -g -O2   conftest.c -lnotify -lcurl -lsqlite3 -lgthread-2.0 -lvlc  >&5
conftest.c:74:6: warning: conflicting types for built-in function 'strcspn'
 char strcspn ();
      ^
configure:14768: $? = 0
configure:14768: result: yes
configure:14779: checking for strncpy
configure:14779: gcc -o conftest -g -O2   conftest.c -lnotify -lcurl -lsqlite3 -lgthread-2.0 -lvlc  >&5
conftest.c:75:6: warning: conflicting types for built-in function 'strncpy'
 char strncpy ();
      ^
configure:14779: $? = 0
configure:14779: result: yes
configure:14790: checking for strcmp
configure:14790: gcc -o conftest -g -O2   conftest.c -lnotify -lcurl -lsqlite3 -lgthread-2.0 -lvlc  >&5
conftest.c:76:6: warning: conflicting types for built-in function 'strcmp'
 char strcmp ();
      ^
configure:14790: $? = 0
configure:14790: result: yes
configure:14911: checking that generated files are newer than configure
configure:14917: result: done
configure:14956: creating ./config.status

## ---------------------- ##
## Running config.status. ##
## ---------------------- ##

This file was extended by freetuxtv config.status 0.6.6, which was
generated by GNU Autoconf 2.69.  Invocation command line was

  CONFIG_FILES    = 
  CONFIG_HEADERS  = 
  CONFIG_LINKS    = 
  CONFIG_COMMANDS = 
  $ ./config.status 

on PLUS

config.status:1247: creating Makefile
config.status:1247: creating po/Makefile.in
config.status:1247: creating src/Makefile
config.status:1247: creating data/Makefile
config.status:1247: creating data/icons/Makefile
config.status:1247: creating data/images/Makefile
config.status:1247: creating data/images/channels/Makefile
config.status:1247: creating data/images/groups/Makefile
config.status:1247: creating data/menu/Makefile
config.status:1247: creating data/ui/Makefile
config.status:1247: creating lib/Makefile
config.status:1247: creating lib/libdbevolution/Makefile
config.status:1247: creating lib/libvlc-gtk/Makefile
config.status:1247: creating config.h
config.status:1476: executing depfiles commands
config.status:1476: executing libtool commands
config.status:1476: executing default-1 commands
config.status:1476: executing po/stamp-it commands

## ---------------- ##
## Cache variables. ##
## ---------------- ##

ac_cv_build=x86_64-unknown-linux-gnu
ac_cv_c_compiler_gnu=yes
ac_cv_c_const=yes
ac_cv_env_CC_set=
ac_cv_env_CC_value=
ac_cv_env_CFLAGS_set=
ac_cv_env_CFLAGS_value=
ac_cv_env_CPPFLAGS_set=
ac_cv_env_CPPFLAGS_value=
ac_cv_env_CPP_set=
ac_cv_env_CPP_value=
ac_cv_env_DBUS_GLIB_CFLAGS_set=
ac_cv_env_DBUS_GLIB_CFLAGS_value=
ac_cv_env_DBUS_GLIB_LIBS_set=
ac_cv_env_DBUS_GLIB_LIBS_value=
ac_cv_env_GIO_CFLAGS_set=
ac_cv_env_GIO_CFLAGS_value=
ac_cv_env_GIO_LIBS_set=
ac_cv_env_GIO_LIBS_value=
ac_cv_env_GLIB_CFLAGS_set=
ac_cv_env_GLIB_CFLAGS_value=
ac_cv_env_GLIB_LIBS_set=
ac_cv_env_GLIB_LIBS_value=
ac_cv_env_GOBJECT_CFLAGS_set=
ac_cv_env_GOBJECT_CFLAGS_value=
ac_cv_env_GOBJECT_LIBS_set=
ac_cv_env_GOBJECT_LIBS_value=
ac_cv_env_GTK_CFLAGS_set=
ac_cv_env_GTK_CFLAGS_value=
ac_cv_env_GTK_LIBS_set=
ac_cv_env_GTK_LIBS_value=
ac_cv_env_LDFLAGS_set=
ac_cv_env_LDFLAGS_value=
ac_cv_env_LIBCURL_CFLAGS_set=
ac_cv_env_LIBCURL_CFLAGS_value=
ac_cv_env_LIBCURL_LIBS_set=
ac_cv_env_LIBCURL_LIBS_value=
ac_cv_env_LIBNOTIFY_CFLAGS_set=
ac_cv_env_LIBNOTIFY_CFLAGS_value=
ac_cv_env_LIBNOTIFY_LIBS_set=
ac_cv_env_LIBNOTIFY_LIBS_value=
ac_cv_env_LIBS_set=
ac_cv_env_LIBS_value=
ac_cv_env_LIBVLC_CFLAGS_set=
ac_cv_env_LIBVLC_CFLAGS_value=
ac_cv_env_LIBVLC_LIBS_set=
ac_cv_env_LIBVLC_LIBS_value=
ac_cv_env_PKG_CONFIG_LIBDIR_set=
ac_cv_env_PKG_CONFIG_LIBDIR_value=
ac_cv_env_PKG_CONFIG_PATH_set=
ac_cv_env_PKG_CONFIG_PATH_value=
ac_cv_env_PKG_CONFIG_set=
ac_cv_env_PKG_CONFIG_value=
ac_cv_env_SQLITE3_CFLAGS_set=
ac_cv_env_SQLITE3_CFLAGS_value=
ac_cv_env_SQLITE3_LIBS_set=
ac_cv_env_SQLITE3_LIBS_value=
ac_cv_env_build_alias_set=
ac_cv_env_build_alias_value=
ac_cv_env_host_alias_set=
ac_cv_env_host_alias_value=
ac_cv_env_target_alias_set=
ac_cv_env_target_alias_value=
ac_cv_func_bind_textdomain_codeset=yes
ac_cv_func_dcgettext=yes
ac_cv_func_malloc_0_nonnull=yes
ac_cv_func_realloc_0_nonnull=yes
ac_cv_func_strchr=yes
ac_cv_func_strcmp=yes
ac_cv_func_strcspn=yes
ac_cv_func_strncpy=yes
ac_cv_header_dlfcn_h=yes
ac_cv_header_inttypes_h=yes
ac_cv_header_libintl_h=yes
ac_cv_header_locale_h=yes
ac_cv_header_memory_h=yes
ac_cv_header_stdc=yes
ac_cv_header_stdint_h=yes
ac_cv_header_stdio_h=yes
ac_cv_header_stdlib_h=yes
ac_cv_header_string_h=yes
ac_cv_header_strings_h=yes
ac_cv_header_sys_stat_h=yes
ac_cv_header_sys_types_h=yes
ac_cv_header_unistd_h=yes
ac_cv_host=x86_64-unknown-linux-gnu
ac_cv_lib_curl_curl_easy_init=yes
ac_cv_lib_gthread_2_0_g_thread_init=yes
ac_cv_lib_notify_notify_notification_new=yes
ac_cv_lib_sqlite3_sqlite3_open=yes
ac_cv_lib_vlc_libvlc_new=yes
ac_cv_objext=o
ac_cv_path_EGREP='/bin/grep -E'
ac_cv_path_FGREP='/bin/grep -F'
ac_cv_path_GMSGFMT=/usr/bin/msgfmt
ac_cv_path_GREP=/bin/grep
ac_cv_path_INTLTOOL_EXTRACT=/usr/bin/intltool-extract
ac_cv_path_INTLTOOL_MERGE=/usr/bin/intltool-merge
ac_cv_path_INTLTOOL_PERL=/usr/bin/perl
ac_cv_path_INTLTOOL_UPDATE=/usr/bin/intltool-update
ac_cv_path_MSGFMT=/usr/bin/msgfmt
ac_cv_path_MSGMERGE=/usr/bin/msgmerge
ac_cv_path_SED=/bin/sed
ac_cv_path_XGETTEXT=/usr/bin/xgettext
ac_cv_path_ac_pt_PKG_CONFIG=/usr/bin/pkg-config
ac_cv_path_install='/usr/bin/install -c'
ac_cv_path_mkdir=/bin/mkdir
ac_cv_prog_AWK=mawk
ac_cv_prog_CPP='gcc -E'
ac_cv_prog_ac_ct_AR=ar
ac_cv_prog_ac_ct_CC=gcc
ac_cv_prog_ac_ct_MANIFEST_TOOL=mt
ac_cv_prog_ac_ct_OBJDUMP=objdump
ac_cv_prog_ac_ct_RANLIB=ranlib
ac_cv_prog_ac_ct_STRIP=strip
ac_cv_prog_cc_c89=
ac_cv_prog_cc_g=yes
ac_cv_prog_cc_gcc_c_o=yes
ac_cv_prog_make_make_set=yes
ac_cv_type_size_t=yes
ac_cv_type_ssize_t=yes
am_cv_CC_dependencies_compiler_type=gcc3
am_cv_make_support_nested_variables=yes
am_cv_val_LC_MESSAGES=yes
gt_cv_func_dgettext_libc=yes
gt_cv_func_dgettext_libintl=no
gt_cv_func_ngettext_libc=yes
gt_cv_have_gettext=yes
lt_cv_ar_at_file=@
lt_cv_deplibs_check_method=pass_all
lt_cv_file_magic_cmd='$MAGIC_CMD'
lt_cv_file_magic_test_file=
lt_cv_ld_reload_flag=-r
lt_cv_nm_interface='BSD nm'
lt_cv_objdir=.libs
lt_cv_path_LD=/usr/bin/ld
lt_cv_path_NM='/usr/bin/nm -B'
lt_cv_path_mainfest_tool=no
lt_cv_prog_compiler_c_o=yes
lt_cv_prog_compiler_pic='-fPIC -DPIC'
lt_cv_prog_compiler_pic_works=yes
lt_cv_prog_compiler_rtti_exceptions=no
lt_cv_prog_compiler_static_works=yes
lt_cv_prog_gnu_ld=yes
lt_cv_sharedlib_from_linklib_cmd='printf %s\n'
lt_cv_shlibpath_overrides_runpath=no
lt_cv_sys_global_symbol_pipe='sed -n -e '\''s/^.*[	 ]\([ABCDGIRSTW][ABCDGIRSTW]*\)[	 ][	 ]*\([_A-Za-z][_A-Za-z0-9]*\)$/\1 \2 \2/p'\'' | sed '\''/ __gnu_lto/d'\'''
lt_cv_sys_global_symbol_to_c_name_address='sed -n -e '\''s/^: \([^ ]*\)[ ]*$/  {\"\1\", (void *) 0},/p'\'' -e '\''s/^[ABCDGIRSTW]* \([^ ]*\) \([^ ]*\)$/  {"\2", (void *) \&\2},/p'\'''
lt_cv_sys_global_symbol_to_c_name_address_lib_prefix='sed -n -e '\''s/^: \([^ ]*\)[ ]*$/  {\"\1\", (void *) 0},/p'\'' -e '\''s/^[ABCDGIRSTW]* \([^ ]*\) \(lib[^ ]*\)$/  {"\2", (void *) \&\2},/p'\'' -e '\''s/^[ABCDGIRSTW]* \([^ ]*\) \([^ ]*\)$/  {"lib\2", (void *) \&\2},/p'\'''
lt_cv_sys_global_symbol_to_cdecl='sed -n -e '\''s/^T .* \(.*\)$/extern int \1();/p'\'' -e '\''s/^[ABCDGIRSTW]* .* \(.*\)$/extern char \1;/p'\'''
lt_cv_sys_max_cmd_len=1572864
lt_cv_to_host_file_cmd=func_convert_file_noop
lt_cv_to_tool_file_cmd=func_convert_file_noop
pkg_cv_DBUS_GLIB_CFLAGS='-I/usr/include/dbus-1.0 -I/usr/lib/x86_64-linux-gnu/dbus-1.0/include -I/usr/include/glib-2.0 -I/usr/lib/x86_64-linux-gnu/glib-2.0/include '
pkg_cv_DBUS_GLIB_LIBS='-ldbus-glib-1 -ldbus-1 -lgobject-2.0 -lglib-2.0 '
pkg_cv_GIO_CFLAGS='-pthread -I/usr/include/glib-2.0 -I/usr/lib/x86_64-linux-gnu/glib-2.0/include '
pkg_cv_GIO_LIBS='-lgio-2.0 -lgobject-2.0 -lglib-2.0 '
pkg_cv_GLIB_CFLAGS='-I/usr/include/glib-2.0 -I/usr/lib/x86_64-linux-gnu/glib-2.0/include '
pkg_cv_GLIB_LIBS='-lglib-2.0 '
pkg_cv_GOBJECT_CFLAGS='-I/usr/include/glib-2.0 -I/usr/lib/x86_64-linux-gnu/glib-2.0/include '
pkg_cv_GOBJECT_LIBS='-lgobject-2.0 -lglib-2.0 '
pkg_cv_GTK_CFLAGS='-pthread -I/usr/include/gtk-3.0 -I/usr/include/at-spi2-atk/2.0 -I/usr/include/at-spi-2.0 -I/usr/include/dbus-1.0 -I/usr/lib/x86_64-linux-gnu/dbus-1.0/include -I/usr/include/gtk-3.0 -I/usr/include/gio-unix-2.0/ -I/usr/include/cairo -I/usr/include/pango-1.0 -I/usr/include/harfbuzz -I/usr/include/pango-1.0 -I/usr/include/atk-1.0 -I/usr/include/cairo -I/usr/include/pixman-1 -I/usr/include/freetype2 -I/usr/include/libpng12 -I/usr/include/gdk-pixbuf-2.0 -I/usr/include/libpng12 -I/usr/include/glib-2.0 -I/usr/lib/x86_64-linux-gnu/glib-2.0/include '
pkg_cv_GTK_LIBS='-lgtk-3 -lgdk-3 -lpangocairo-1.0 -lpango-1.0 -latk-1.0 -lcairo-gobject -lcairo -lgdk_pixbuf-2.0 -lgio-2.0 -lgobject-2.0 -lglib-2.0 '
pkg_cv_LIBCURL_CFLAGS=
pkg_cv_LIBCURL_LIBS='-lcurl '
pkg_cv_LIBNOTIFY_CFLAGS='-pthread -I/usr/include/gdk-pixbuf-2.0 -I/usr/include/libpng12 -I/usr/include/glib-2.0 -I/usr/lib/x86_64-linux-gnu/glib-2.0/include '
pkg_cv_LIBNOTIFY_LIBS='-lnotify -lgdk_pixbuf-2.0 -lgio-2.0 -lgobject-2.0 -lglib-2.0 '
pkg_cv_LIBVLC_CFLAGS=
pkg_cv_LIBVLC_LIBS='-lvlc '
pkg_cv_SQLITE3_CFLAGS=
pkg_cv_SQLITE3_LIBS='-lsqlite3 '

## ----------------- ##
## Output variables. ##
## ----------------- ##

ACLOCAL='${SHELL} /home/user/Downloads/freetuxtv-0.6.6/missing aclocal-1.13'
ALL_LINGUAS=''
AMDEPBACKSLASH='\'
AMDEP_FALSE='#'
AMDEP_TRUE=''
AMTAR='$${TAR-tar}'
AM_BACKSLASH='\'
AM_DEFAULT_V='$(AM_DEFAULT_VERBOSITY)'
AM_DEFAULT_VERBOSITY='1'
AM_V='$(V)'
AR='ar'
AUTOCONF='${SHELL} /home/user/Downloads/freetuxtv-0.6.6/missing autoconf'
AUTOHEADER='${SHELL} /home/user/Downloads/freetuxtv-0.6.6/missing autoheader'
AUTOMAKE='${SHELL} /home/user/Downloads/freetuxtv-0.6.6/missing automake-1.13'
AWK='mawk'
CATALOGS=''
CATOBJEXT='.gmo'
CC='gcc'
CCDEPMODE='depmode=gcc3'
CFLAGS='-g -O2'
CPP='gcc -E'
CPPFLAGS=''
CYGPATH_W='echo'
DATADIRNAME='share'
DBUS_GLIB_CFLAGS='-I/usr/include/dbus-1.0 -I/usr/lib/x86_64-linux-gnu/dbus-1.0/include -I/usr/include/glib-2.0 -I/usr/lib/x86_64-linux-gnu/glib-2.0/include '
DBUS_GLIB_LIBS='-ldbus-glib-1 -ldbus-1 -lgobject-2.0 -lglib-2.0 '
DEFS='-DHAVE_CONFIG_H'
DEPDIR='.deps'
DLLTOOL='false'
DSYMUTIL=''
DUMPBIN=''
ECHO_C=''
ECHO_N='-n'
ECHO_T=''
EGREP='/bin/grep -E'
EXEEXT=''
FGREP='/bin/grep -F'
FREETUXTV_CFLAGS='-pthread -I/usr/include/gtk-3.0 -I/usr/include/at-spi2-atk/2.0 -I/usr/include/at-spi-2.0 -I/usr/include/dbus-1.0 -I/usr/lib/x86_64-linux-gnu/dbus-1.0/include -I/usr/include/gtk-3.0 -I/usr/include/gio-unix-2.0/ -I/usr/include/cairo -I/usr/include/pango-1.0 -I/usr/include/harfbuzz -I/usr/include/pango-1.0 -I/usr/include/atk-1.0 -I/usr/include/cairo -I/usr/include/pixman-1 -I/usr/include/freetype2 -I/usr/include/libpng12 -I/usr/include/gdk-pixbuf-2.0 -I/usr/include/libpng12 -I/usr/include/glib-2.0 -I/usr/lib/x86_64-linux-gnu/glib-2.0/include  -I/usr/include/glib-2.0 -I/usr/lib/x86_64-linux-gnu/glib-2.0/include  -pthread -I/usr/include/glib-2.0 -I/usr/lib/x86_64-linux-gnu/glib-2.0/include  -I/usr/include/dbus-1.0 -I/usr/lib/x86_64-linux-gnu/dbus-1.0/include -I/usr/include/glib-2.0 -I/usr/lib/x86_64-linux-gnu/glib-2.0/include  -pthread -I/usr/include/gdk-pixbuf-2.0 -I/usr/include/libpng12 -I/usr/include/glib-2.0 -I/usr/lib/x86_64-linux-gnu/glib-2.0/include   '
FREETUXTV_LDFLAGS='-lgtk-3 -lgdk-3 -lpangocairo-1.0 -lpango-1.0 -latk-1.0 -lcairo-gobject -lcairo -lgdk_pixbuf-2.0 -lgio-2.0 -lgobject-2.0 -lglib-2.0  -lglib-2.0  -lgio-2.0 -lgobject-2.0 -lglib-2.0  -ldbus-glib-1 -ldbus-1 -lgobject-2.0 -lglib-2.0  -lnotify -lgdk_pixbuf-2.0 -lgio-2.0 -lgobject-2.0 -lglib-2.0  -lsqlite3  -lcurl '
GETTEXT_PACKAGE='freetuxtv'
GIO_CFLAGS='-pthread -I/usr/include/glib-2.0 -I/usr/lib/x86_64-linux-gnu/glib-2.0/include '
GIO_LIBS='-lgio-2.0 -lgobject-2.0 -lglib-2.0 '
GLIB_CFLAGS='-I/usr/include/glib-2.0 -I/usr/lib/x86_64-linux-gnu/glib-2.0/include '
GLIB_LIBS='-lglib-2.0 '
GMOFILES=''
GMSGFMT='/usr/bin/msgfmt'
GOBJECT_CFLAGS='-I/usr/include/glib-2.0 -I/usr/lib/x86_64-linux-gnu/glib-2.0/include '
GOBJECT_LIBS='-lgobject-2.0 -lglib-2.0 '
GREP='/bin/grep'
GTK_CFLAGS='-pthread -I/usr/include/gtk-3.0 -I/usr/include/at-spi2-atk/2.0 -I/usr/include/at-spi-2.0 -I/usr/include/dbus-1.0 -I/usr/lib/x86_64-linux-gnu/dbus-1.0/include -I/usr/include/gtk-3.0 -I/usr/include/gio-unix-2.0/ -I/usr/include/cairo -I/usr/include/pango-1.0 -I/usr/include/harfbuzz -I/usr/include/pango-1.0 -I/usr/include/atk-1.0 -I/usr/include/cairo -I/usr/include/pixman-1 -I/usr/include/freetype2 -I/usr/include/libpng12 -I/usr/include/gdk-pixbuf-2.0 -I/usr/include/libpng12 -I/usr/include/glib-2.0 -I/usr/lib/x86_64-linux-gnu/glib-2.0/include '
GTK_LIBS='-lgtk-3 -lgdk-3 -lpangocairo-1.0 -lpango-1.0 -latk-1.0 -lcairo-gobject -lcairo -lgdk_pixbuf-2.0 -lgio-2.0 -lgobject-2.0 -lglib-2.0 '
INSTALL_DATA='${INSTALL} -m 644'
INSTALL_PROGRAM='${INSTALL}'
INSTALL_SCRIPT='${INSTALL}'
INSTALL_STRIP_PROGRAM='$(install_sh) -c -s'
INSTOBJEXT='.mo'
INTLLIBS=''
INTLTOOL_CAVES_RULE='%.caves:     %.caves.in     $(INTLTOOL_MERGE) $(wildcard $(top_srcdir)/po/*.po) ; $(INTLTOOL_V_MERGE)LC_ALL=C $(INTLTOOL_MERGE) $(INTLTOOL_V_MERGE_OPTIONS) -d -u -c $(top_builddir)/po/.intltool-merge-cache $(top_srcdir)/po $< $@'
INTLTOOL_DESKTOP_RULE='%.desktop:   %.desktop.in   $(INTLTOOL_MERGE) $(wildcard $(top_srcdir)/po/*.po) ; $(INTLTOOL_V_MERGE)LC_ALL=C $(INTLTOOL_MERGE) $(INTLTOOL_V_MERGE_OPTIONS) -d -u -c $(top_builddir)/po/.intltool-merge-cache $(top_srcdir)/po $< $@'
INTLTOOL_DIRECTORY_RULE='%.directory: %.directory.in $(INTLTOOL_MERGE) $(wildcard $(top_srcdir)/po/*.po) ; $(INTLTOOL_V_MERGE)LC_ALL=C $(INTLTOOL_MERGE) $(INTLTOOL_V_MERGE_OPTIONS) -d -u -c $(top_builddir)/po/.intltool-merge-cache $(top_srcdir)/po $< $@'
INTLTOOL_EXTRACT='/usr/bin/intltool-extract'
INTLTOOL_KBD_RULE='%.kbd:       %.kbd.in       $(INTLTOOL_MERGE) $(wildcard $(top_srcdir)/po/*.po) ; $(INTLTOOL_V_MERGE)LC_ALL=C $(INTLTOOL_MERGE) $(INTLTOOL_V_MERGE_OPTIONS) -x -u -m -c $(top_builddir)/po/.intltool-merge-cache $(top_srcdir)/po $< $@'
INTLTOOL_KEYS_RULE='%.keys:      %.keys.in      $(INTLTOOL_MERGE) $(wildcard $(top_srcdir)/po/*.po) ; $(INTLTOOL_V_MERGE)LC_ALL=C $(INTLTOOL_MERGE) $(INTLTOOL_V_MERGE_OPTIONS) -k -u -c $(top_builddir)/po/.intltool-merge-cache $(top_srcdir)/po $< $@'
INTLTOOL_MERGE='/usr/bin/intltool-merge'
INTLTOOL_OAF_RULE='%.oaf:       %.oaf.in       $(INTLTOOL_MERGE) $(wildcard $(top_srcdir)/po/*.po) ; $(INTLTOOL_V_MERGE)LC_ALL=C $(INTLTOOL_MERGE) $(INTLTOOL_V_MERGE_OPTIONS) -o -p $(top_srcdir)/po $< $@'
INTLTOOL_PERL='/usr/bin/perl'
INTLTOOL_POLICY_RULE='%.policy:    %.policy.in    $(INTLTOOL_MERGE) $(wildcard $(top_srcdir)/po/*.po) ; $(INTLTOOL_V_MERGE)LC_ALL=C $(INTLTOOL_MERGE) $(INTLTOOL_V_MERGE_OPTIONS) -x -u -c $(top_builddir)/po/.intltool-merge-cache $(top_srcdir)/po $< $@'
INTLTOOL_PONG_RULE='%.pong:      %.pong.in      $(INTLTOOL_MERGE) $(wildcard $(top_srcdir)/po/*.po) ; $(INTLTOOL_V_MERGE)LC_ALL=C $(INTLTOOL_MERGE) $(INTLTOOL_V_MERGE_OPTIONS) -x -u -c $(top_builddir)/po/.intltool-merge-cache $(top_srcdir)/po $< $@'
INTLTOOL_PROP_RULE='%.prop:      %.prop.in      $(INTLTOOL_MERGE) $(wildcard $(top_srcdir)/po/*.po) ; $(INTLTOOL_V_MERGE)LC_ALL=C $(INTLTOOL_MERGE) $(INTLTOOL_V_MERGE_OPTIONS) -d -u -c $(top_builddir)/po/.intltool-merge-cache $(top_srcdir)/po $< $@'
INTLTOOL_SCHEMAS_RULE='%.schemas:   %.schemas.in   $(INTLTOOL_MERGE) $(wildcard $(top_srcdir)/po/*.po) ; $(INTLTOOL_V_MERGE)LC_ALL=C $(INTLTOOL_MERGE) $(INTLTOOL_V_MERGE_OPTIONS) -s -u -c $(top_builddir)/po/.intltool-merge-cache $(top_srcdir)/po $< $@'
INTLTOOL_SERVER_RULE='%.server:    %.server.in    $(INTLTOOL_MERGE) $(wildcard $(top_srcdir)/po/*.po) ; $(INTLTOOL_V_MERGE)LC_ALL=C $(INTLTOOL_MERGE) $(INTLTOOL_V_MERGE_OPTIONS) -o -u -c $(top_builddir)/po/.intltool-merge-cache $(top_srcdir)/po $< $@'
INTLTOOL_SERVICE_RULE='%.service: %.service.in   $(INTLTOOL_MERGE) $(wildcard $(top_srcdir)/po/*.po) ; $(INTLTOOL_V_MERGE)LC_ALL=C $(INTLTOOL_MERGE) $(INTLTOOL_V_MERGE_OPTIONS) -d -u -c $(top_builddir)/po/.intltool-merge-cache $(top_srcdir)/po $< $@'
INTLTOOL_SHEET_RULE='%.sheet:     %.sheet.in     $(INTLTOOL_MERGE) $(wildcard $(top_srcdir)/po/*.po) ; $(INTLTOOL_V_MERGE)LC_ALL=C $(INTLTOOL_MERGE) $(INTLTOOL_V_MERGE_OPTIONS) -x -u -c $(top_builddir)/po/.intltool-merge-cache $(top_srcdir)/po $< $@'
INTLTOOL_SOUNDLIST_RULE='%.soundlist: %.soundlist.in $(INTLTOOL_MERGE) $(wildcard $(top_srcdir)/po/*.po) ; $(INTLTOOL_V_MERGE)LC_ALL=C $(INTLTOOL_MERGE) $(INTLTOOL_V_MERGE_OPTIONS) -d -u -c $(top_builddir)/po/.intltool-merge-cache $(top_srcdir)/po $< $@'
INTLTOOL_THEME_RULE='%.theme:     %.theme.in     $(INTLTOOL_MERGE) $(wildcard $(top_srcdir)/po/*.po) ; $(INTLTOOL_V_MERGE)LC_ALL=C $(INTLTOOL_MERGE) $(INTLTOOL_V_MERGE_OPTIONS) -d -u -c $(top_builddir)/po/.intltool-merge-cache $(top_srcdir)/po $< $@'
INTLTOOL_UI_RULE='%.ui:        %.ui.in        $(INTLTOOL_MERGE) $(wildcard $(top_srcdir)/po/*.po) ; $(INTLTOOL_V_MERGE)LC_ALL=C $(INTLTOOL_MERGE) $(INTLTOOL_V_MERGE_OPTIONS) -x -u -c $(top_builddir)/po/.intltool-merge-cache $(top_srcdir)/po $< $@'
INTLTOOL_UPDATE='/usr/bin/intltool-update'
INTLTOOL_V_MERGE='$(INTLTOOL__v_MERGE_$(V))'
INTLTOOL_V_MERGE_OPTIONS='$(intltool__v_merge_options_$(V))'
INTLTOOL_XAM_RULE='%.xam:       %.xml.in       $(INTLTOOL_MERGE) $(wildcard $(top_srcdir)/po/*.po) ; $(INTLTOOL_V_MERGE)LC_ALL=C $(INTLTOOL_MERGE) $(INTLTOOL_V_MERGE_OPTIONS) -x -u -c $(top_builddir)/po/.intltool-merge-cache $(top_srcdir)/po $< $@'
INTLTOOL_XML_NOMERGE_RULE='%.xml:       %.xml.in       $(INTLTOOL_MERGE) ; $(INTLTOOL_V_MERGE)LC_ALL=C $(INTLTOOL_MERGE) $(INTLTOOL_V_MERGE_OPTIONS) -x -u --no-translations $< $@'
INTLTOOL_XML_RULE='%.xml:       %.xml.in       $(INTLTOOL_MERGE) $(wildcard $(top_srcdir)/po/*.po) ; $(INTLTOOL_V_MERGE)LC_ALL=C $(INTLTOOL_MERGE) $(INTLTOOL_V_MERGE_OPTIONS) -x -u -c $(top_builddir)/po/.intltool-merge-cache $(top_srcdir)/po $< $@'
INTLTOOL__v_MERGE_0='@echo "  ITMRG " $@;'
INTLTOOL__v_MERGE_='$(INTLTOOL__v_MERGE_$(AM_DEFAULT_VERBOSITY))'
LD='/usr/bin/ld -m elf_x86_64'
LDFLAGS=''
LIBCURL_CFLAGS=''
LIBCURL_LIBS='-lcurl '
LIBDBEVOLUTION_CFLAGS='-pthread -I/usr/include/gtk-3.0 -I/usr/include/at-spi2-atk/2.0 -I/usr/include/at-spi-2.0 -I/usr/include/dbus-1.0 -I/usr/lib/x86_64-linux-gnu/dbus-1.0/include -I/usr/include/gtk-3.0 -I/usr/include/gio-unix-2.0/ -I/usr/include/cairo -I/usr/include/pango-1.0 -I/usr/include/harfbuzz -I/usr/include/pango-1.0 -I/usr/include/atk-1.0 -I/usr/include/cairo -I/usr/include/pixman-1 -I/usr/include/freetype2 -I/usr/include/libpng12 -I/usr/include/gdk-pixbuf-2.0 -I/usr/include/libpng12 -I/usr/include/glib-2.0 -I/usr/lib/x86_64-linux-gnu/glib-2.0/include  -I/usr/include/glib-2.0 -I/usr/lib/x86_64-linux-gnu/glib-2.0/include  -I/usr/include/glib-2.0 -I/usr/lib/x86_64-linux-gnu/glib-2.0/include '
LIBDBEVOLUTION_LDFLAGS='-lgtk-3 -lgdk-3 -lpangocairo-1.0 -lpango-1.0 -latk-1.0 -lcairo-gobject -lcairo -lgdk_pixbuf-2.0 -lgio-2.0 -lgobject-2.0 -lglib-2.0  -lglib-2.0  -lgobject-2.0 -lglib-2.0 '
LIBDBEVOLUTION_LT_VERSION='0:1:0'
LIBNOTIFY_CFLAGS='-pthread -I/usr/include/gdk-pixbuf-2.0 -I/usr/include/libpng12 -I/usr/include/glib-2.0 -I/usr/lib/x86_64-linux-gnu/glib-2.0/include '
LIBNOTIFY_LIBS='-lnotify -lgdk_pixbuf-2.0 -lgio-2.0 -lgobject-2.0 -lglib-2.0 '
LIBOBJS=''
LIBS='-lnotify -lcurl -lsqlite3 -lgthread-2.0 -lvlc '
LIBTOOL='$(SHELL) $(top_builddir)/libtool'
LIBVLCGTK_CFLAGS='-pthread -I/usr/include/gtk-3.0 -I/usr/include/at-spi2-atk/2.0 -I/usr/include/at-spi-2.0 -I/usr/include/dbus-1.0 -I/usr/lib/x86_64-linux-gnu/dbus-1.0/include -I/usr/include/gtk-3.0 -I/usr/include/gio-unix-2.0/ -I/usr/include/cairo -I/usr/include/pango-1.0 -I/usr/include/harfbuzz -I/usr/include/pango-1.0 -I/usr/include/atk-1.0 -I/usr/include/cairo -I/usr/include/pixman-1 -I/usr/include/freetype2 -I/usr/include/libpng12 -I/usr/include/gdk-pixbuf-2.0 -I/usr/include/libpng12 -I/usr/include/glib-2.0 -I/usr/lib/x86_64-linux-gnu/glib-2.0/include  '
LIBVLCGTK_LDFLAGS='-lgtk-3 -lgdk-3 -lpangocairo-1.0 -lpango-1.0 -latk-1.0 -lcairo-gobject -lcairo -lgdk_pixbuf-2.0 -lgio-2.0 -lgobject-2.0 -lglib-2.0  -lvlc '
LIBVLCGTK_LT_VERSION='0:1:0'
LIBVLC_CFLAGS=''
LIBVLC_LIBS='-lvlc '
LIPO=''
LN_S='ln -s'
LOGOS_INSTALL_FALSE='#'
LOGOS_INSTALL_TRUE=''
LTLIBOBJS=''
MAINT='#'
MAINTAINER_MODE_FALSE=''
MAINTAINER_MODE_TRUE='#'
MAKEINFO='${SHELL} /home/user/Downloads/freetuxtv-0.6.6/missing makeinfo'
MANIFEST_TOOL=':'
MKDIR_P='/bin/mkdir -p'
MKINSTALLDIRS='./mkinstalldirs'
MSGFMT='/usr/bin/msgfmt'
MSGFMT_OPTS='-c'
MSGMERGE='/usr/bin/msgmerge'
NM='/usr/bin/nm -B'
NMEDIT=''
OBJDUMP='objdump'
OBJEXT='o'
OTOOL64=''
OTOOL=''
PACKAGE='freetuxtv'
PACKAGE_BUGREPORT='http://code.google.com/p/freetuxtv/issues/list'
PACKAGE_NAME='freetuxtv'
PACKAGE_STRING='freetuxtv 0.6.6'
PACKAGE_TARNAME='freetuxtv'
PACKAGE_URL='http://code.google.com/p/freetuxtv/'
PACKAGE_VERSION='0.6.6'
PATH_SEPARATOR=':'
PKG_CONFIG='/usr/bin/pkg-config'
PKG_CONFIG_LIBDIR=''
PKG_CONFIG_PATH=''
POFILES=''
POSUB='po'
PO_IN_DATADIR_FALSE=''
PO_IN_DATADIR_TRUE=''
RANLIB='ranlib'
SED='/bin/sed'
SET_MAKE=''
SHELL='/bin/bash'
SQLITE3_CFLAGS=''
SQLITE3_LIBS='-lsqlite3 '
STRIP='strip'
USE_NLS='yes'
VERSION='0.6.6'
XGETTEXT='/usr/bin/xgettext'
ac_ct_AR='ar'
ac_ct_CC='gcc'
ac_ct_DUMPBIN=''
am__EXEEXT_FALSE=''
am__EXEEXT_TRUE='#'
am__fastdepCC_FALSE='#'
am__fastdepCC_TRUE=''
am__include='include'
am__isrc=''
am__leading_dot='.'
am__nodep='_no'
am__quote=''
am__tar='$${TAR-tar} chof - "$$tardir"'
am__untar='$${TAR-tar} xf -'
bindir='${exec_prefix}/bin'
build='x86_64-unknown-linux-gnu'
build_alias=''
build_cpu='x86_64'
build_os='linux-gnu'
build_vendor='unknown'
datadir='${datarootdir}'
datarootdir='${prefix}/share'
docdir='${datarootdir}/doc/${PACKAGE_TARNAME}'
dvidir='${docdir}'
exec_prefix='${prefix}'
host='x86_64-unknown-linux-gnu'
host_alias=''
host_cpu='x86_64'
host_os='linux-gnu'
host_vendor='unknown'
htmldir='${docdir}'
includedir='${prefix}/include'
infodir='${datarootdir}/info'
install_sh='${SHELL} /home/user/Downloads/freetuxtv-0.6.6/install-sh'
intltool__v_merge_options_0='-q'
intltool__v_merge_options_='$(intltool__v_merge_options_$(AM_DEFAULT_VERBOSITY))'
libdir='${exec_prefix}/lib'
libexecdir='${exec_prefix}/libexec'
localedir='${datarootdir}/locale'
localstatedir='${prefix}/var'
mandir='${datarootdir}/man'
mkdir_p='$(MKDIR_P)'
oldincludedir='/usr/include'
pdfdir='${docdir}'
prefix='/usr/local'
program_transform_name='s,x,x,'
psdir='${docdir}'
sbindir='${exec_prefix}/sbin'
sharedstatedir='${prefix}/com'
sysconfdir='${prefix}/etc'
target_alias=''

## ----------- ##
## confdefs.h. ##
## ----------- ##

/* confdefs.h */
#define PACKAGE_NAME "freetuxtv"
#define PACKAGE_TARNAME "freetuxtv"
#define PACKAGE_VERSION "0.6.6"
#define PACKAGE_STRING "freetuxtv 0.6.6"
#define PACKAGE_BUGREPORT "http://code.google.com/p/freetuxtv/issues/list"
#define PACKAGE_URL "http://code.google.com/p/freetuxtv/"
#define PACKAGE "freetuxtv"
#define VERSION "0.6.6"
#define STDC_HEADERS 1
#define HAVE_SYS_TYPES_H 1
#define HAVE_SYS_STAT_H 1
#define HAVE_STDLIB_H 1
#define HAVE_STRING_H 1
#define HAVE_MEMORY_H 1
#define HAVE_STRINGS_H 1
#define HAVE_INTTYPES_H 1
#define HAVE_STDINT_H 1
#define HAVE_UNISTD_H 1
#define HAVE_DLFCN_H 1
#define LT_OBJDIR ".libs/"
#define GETTEXT_PACKAGE "freetuxtv"
#define HAVE_LOCALE_H 1
#define HAVE_LC_MESSAGES 1
#define HAVE_BIND_TEXTDOMAIN_CODESET 1
#define HAVE_GETTEXT 1
#define HAVE_DCGETTEXT 1
#define ENABLE_NLS 1
#define LIBVLC_VERSION_MAJOR 2
#define LIBVLC_VERSION_MINOR 2
#define LIBVLC_VERSION_REVISION 1
#define LIBNOTIFY_VERSION_MAJOR 0
#define LIBNOTIFY_VERSION_MINOR 7
#define LIBNOTIFY_VERSION_REVISION 6
#define GTK_API_VERSION 3
#define HAVE_LIBVLC 1
#define HAVE_LIBGTHREAD_2_0 1
#define HAVE_LIBSQLITE3 1
#define HAVE_LIBCURL 1
#define HAVE_LIBNOTIFY 1
#define STDC_HEADERS 1
#define HAVE_STDIO_H 1
#define HAVE_STRING_H 1
#define HAVE_STDLIB_H 1
#define HAVE_STDLIB_H 1
#define HAVE_MALLOC 1
#define HAVE_STDLIB_H 1
#define HAVE_REALLOC 1
#define HAVE_STRCHR 1
#define HAVE_STRCSPN 1
#define HAVE_STRNCPY 1
#define HAVE_STRCMP 1

configure: exit 0
